MyNavigationDrawer/app/build/intermediates/manifest_merge_blame_file/debug/manifest-merger-blame-debug-report.txt
1<?xml version="1.0" encoding="utf-8"?>
2<manifest xmlns:android="http://schemas.android.com/apk/res/android"
3    package="com.example.mynavigationdrawer"
4    android:versionCode="1"
5    android:versionName="1.0" >
6
7    <uses-sdk
8        android:minSdkVersion="21"
8-->src\main\AndroidManifest.xml
9        android:targetSdkVersion="31" />
9-->src\main\AndroidManifest.xml
10
11    <uses-permission android:name="android.permission.INTERNET" />
11-->src\main\AndroidManifest.xml:5:5-67
11-->src\main\AndroidManifest.xml:5:22-64
12
13    <application
13-->src\main\AndroidManifest.xml:7:5-28:19
14        android:allowBackup="true"
14-->src\main\AndroidManifest.xml:8:9-35
15        android:appComponentFactory="androidx.core.app.CoreComponentFactory"
15-->[androidx.core:core:1.5.0] AndroidManifest.xml:24:18-86
16        android:debuggable="true"
17        android:icon="@mipmap/ic_launcher"
17-->src\main\AndroidManifest.xml:9:9-43
18        android:label="@string/app_name"
18-->src\main\AndroidManifest.xml:10:9-41
19        android:roundIcon="@mipmap/ic_launcher_round"
19-->src\main\AndroidManifest.xml:11:9-54
20        android:supportsRtl="true"
20-->src\main\AndroidManifest.xml:12:9-35
21        android:testOnly="true"
22        android:theme="@style/Theme.MyNavigationDrawer" >
22-->src\main\AndroidManifest.xml:13:9-56
23        <activity
23-->src\main\AndroidManifest.xml:14:9-16:39
24            android:name="com.example.mynavigationdrawer.ui.subway.SubwayActivity"
24-->src\main\AndroidManifest.xml:15:13-53
25            android:exported="true" />
25-->src\main\AndroidManifest.xml:16:13-36
26        <activity
26-->src\main\AndroidManifest.xml:17:9-27:20
27            android:name="com.example.mynavigationdrawer.MainActivity"
27-->src\main\AndroidManifest.xml:18:13-41
28            android:exported="true"
28-->src\main\AndroidManifest.xml:19:13-36
29            android:label="@string/app_name"
29-->src\main\AndroidManifest.xml:20:13-45
30            android:theme="@style/Theme.MyNavigationDrawer.NoActionBar" >
30-->src\main\AndroidManifest.xml:21:13-72
31            <intent-filter>
31-->src\main\AndroidManifest.xml:22:13-26:29
32                <action android:name="android.intent.action.MAIN" />
32-->src\main\AndroidManifest.xml:23:17-69
32-->src\main\AndroidManifest.xml:23:25-66
33
34                <category android:name="android.intent.category.LAUNCHER" />
34-->src\main\AndroidManifest.xml:25:17-77
34-->src\main\AndroidManifest.xml:25:27-74
35            </intent-filter>
36        </activity>
37    </application>
38
39</manifest>